<?xml version="1.0" encoding="UTF-8"?>
<testsuites tests="1" failures="0" disabled="0" errors="0" time="0.008" timestamp="2023-06-01T10:30:59.949" name="AllTests">
  <testsuite name="constructor_3" tests="1" failures="0" disabled="0" skipped="0" errors="0" time="0.008" timestamp="2023-06-01T10:30:59.949">
    <testcase name="constructor_3_sucessed" file="/home/boudevin/Documents/basic_cpp_project/tests/vpn_mosquitto_test.cpp" line="42" status="run" result="completed" time="0.008" timestamp="2023-06-01T10:30:59.949" classname="constructor_3" />
  </testsuite>
</testsuites>
