<?xml version="1.0" encoding="UTF-8"?>
<testsuites tests="2" failures="0" disabled="0" errors="0" time="0.048" timestamp="2023-06-12T11:18:15.511" name="AllTests">
  <testsuite name="MosquittoVPN" tests="1" failures="0" disabled="0" skipped="0" errors="0" time="0.044" timestamp="2023-06-12T11:18:15.511">
    <testcase name="constructor_3_sucessed" status="run" result="completed" time="0.044" timestamp="2023-06-12T11:18:15.511" classname="MosquittoVPN" />
  </testsuite>
  <testsuite name="MosquittoPN" tests="1" failures="0" disabled="0" skipped="0" errors="0" time="0.003" timestamp="2023-06-12T11:18:15.556">
    <testcase name="destructor_1" status="run" result="completed" time="0.003" timestamp="2023-06-12T11:18:15.556" classname="MosquittoPN" />
  </testsuite>
</testsuites>
